Performing C SOURCE FILE Test CMAKE_HAVE_LIBC_PTHREAD failed with the following output:
Change Dir: /home/riya/141/WordSoup/cmake-build-debug/CMakeFiles/CMakeTmp

Run Build Command(s):/usr/bin/make cmTC_62149/fast && /usr/bin/make -f CMakeFiles/cmTC_62149.dir/build.make CMakeFiles/cmTC_62149.dir/build
make[1]: Entering directory '/home/riya/141/WordSoup/cmake-build-debug/CMakeFiles/CMakeTmp'
Building C object CMakeFiles/cmTC_62149.dir/src.c.o
/usr/bin/cc   -DCMAKE_HAVE_LIBC_PTHREAD   -o CMakeFiles/cmTC_62149.dir/src.c.o   -c /home/riya/141/WordSoup/cmake-build-debug/CMakeFiles/CMakeTmp/src.c
Linking C executable cmTC_62149
/usr/local/clion-2019.2/bin/cmake/linux/bin/cmake -E cmake_link_script CMakeFiles/cmTC_62149.dir/link.txt --verbose=1
/usr/bin/cc  -DCMAKE_HAVE_LIBC_PTHREAD    -rdynamic CMakeFiles/cmTC_62149.dir/src.c.o  -o cmTC_62149 
/usr/bin/ld: CMakeFiles/cmTC_62149.dir/src.c.o: in function `main':
src.c:(.text+0x3e): undefined reference to `pthread_create'
/usr/bin/ld: src.c:(.text+0x4a): undefined reference to `pthread_detach'
/usr/bin/ld: src.c:(.text+0x5b): undefined reference to `pthread_join'
collect2: error: ld returned 1 exit status
make[1]: *** [CMakeFiles/cmTC_62149.dir/build.make:87: cmTC_62149] Error 1
make[1]: Leaving directory '/home/riya/141/WordSoup/cmake-build-debug/CMakeFiles/CMakeTmp'
make: *** [Makefile:121: cmTC_62149/fast] Error 2


Source file was:
#include <pthread.h>

void* test_func(void* data)
{
  return data;
}

int main(void)
{
  pthread_t thread;
  pthread_create(&thread, NULL, test_func, NULL);
  pthread_detach(thread);
  pthread_join(thread, NULL);
  pthread_atfork(NULL, NULL, NULL);
  pthread_exit(NULL);

  return 0;
}

Determining if the function pthread_create exists in the pthreads failed with the following output:
Change Dir: /home/riya/141/WordSoup/cmake-build-debug/CMakeFiles/CMakeTmp

Run Build Command(s):/usr/bin/make cmTC_65bb4/fast && /usr/bin/make -f CMakeFiles/cmTC_65bb4.dir/build.make CMakeFiles/cmTC_65bb4.dir/build
make[1]: Entering directory '/home/riya/141/WordSoup/cmake-build-debug/CMakeFiles/CMakeTmp'
Building C object CMakeFiles/cmTC_65bb4.dir/CheckFunctionExists.c.o
/usr/bin/cc   -DCHECK_FUNCTION_EXISTS=pthread_create   -o CMakeFiles/cmTC_65bb4.dir/CheckFunctionExists.c.o   -c /usr/local/clion-2019.2/bin/cmake/linux/share/cmake-3.15/Modules/CheckFunctionExists.c
Linking C executable cmTC_65bb4
/usr/local/clion-2019.2/bin/cmake/linux/bin/cmake -E cmake_link_script CMakeFiles/cmTC_65bb4.dir/link.txt --verbose=1
/usr/bin/cc  -DCHECK_FUNCTION_EXISTS=pthread_create    -rdynamic CMakeFiles/cmTC_65bb4.dir/CheckFunctionExists.c.o  -o cmTC_65bb4 -lpthreads 
/usr/bin/ld: cannot find -lpthreads
collect2: error: ld returned 1 exit status
make[1]: *** [CMakeFiles/cmTC_65bb4.dir/build.make:87: cmTC_65bb4] Error 1
make[1]: Leaving directory '/home/riya/141/WordSoup/cmake-build-debug/CMakeFiles/CMakeTmp'
make: *** [Makefile:121: cmTC_65bb4/fast] Error 2



